<?xml version="1.0" encoding="UTF-8"?>
<!-- Generated by org.testng.reporters.JUnitXMLReporter -->
<testsuite hostname="DESKTOP-4J4I018" ignored="0" name="TestSend" tests="3" failures="0" timestamp="2021-10-22T09:01:15 IST" time="110.106" errors="0">
  <testcase name="testAThree" time="39.866" classname="Demo.toSendKudos"/>
  <testcase name="testBMultiplekudos" time="34.691" classname="Demo.toSendKudos"/>
  <testcase name="testCEmptyComents" time="33.12" classname="Demo.toSendKudos"/>
</testsuite> <!-- TestSend -->
