<?xml version="1.0" encoding="UTF-8"?>
<!-- Generated by org.testng.reporters.JUnitXMLReporter -->
<testsuite hostname="DESKTOP-4J4I018" name="TestActivity" tests="5" failures="0" timestamp="25 Oct 2021 03:46:36 GMT" time="34.792" errors="0">
  <testcase name="TSix" time="1.426" classname="Demo.OtherActivity"/>
  <testcase name="tSixofFour" time="0.123" classname="Demo.OtherActivity"/>
  <testcase name="tSixofThree" time="1.746" classname="Demo.OtherActivity"/>
  <testcase name="tSixofTwo" time="0.967" classname="Demo.OtherActivity"/>
  <testcase name="testCSelfkudos" time="20.181" classname="Demo.OtherActivity"/>
</testsuite> <!-- TestActivity -->
