<?xml version="1.0" encoding="UTF-8"?>
<!-- Generated by org.testng.reporters.JUnitXMLReporter -->
<testsuite hostname="DESKTOP-4J4I018" name="TestSend" tests="3" failures="0" timestamp="25 Oct 2021 03:46:01 GMT" time="112.235" errors="0">
  <testcase name="testAThree" time="44.055" classname="Demo.toSendKudos"/>
  <testcase name="testBMultiplekudos" time="32.429" classname="Demo.toSendKudos"/>
  <testcase name="testCEmptyComents" time="33.268" classname="Demo.toSendKudos"/>
</testsuite> <!-- TestSend -->
