<?xml version="1.0" encoding="UTF-8"?>
<testsuite xmlns:xsi="http://www.w3.org/2001/XMLSchema-instance" xsi:noNamespaceSchemaLocation="https://maven.apache.org/surefire/maven-surefire-plugin/xsd/surefire-test-report-3.0.xsd" version="3.0" name="TestSuite" time="223.975" tests="13" errors="0" skipped="0" failures="0">
  <properties>
[...]
</properties>
  <testcase name="testInvalid" classname="Demo.ToTestLoginPage" time="8.179">
    <system-out><![CDATA[chrome
#fdcc16 Gold color displayed
#2a2559 Blue color displayed
Invalid username or password
]]></system-out>
    <system-err><![CDATA[Starting ChromeDriver 94.0.4606.41 (333e85df3c9b656b518b5f1add5ff246365b6c24-refs/branch-heads/4606@{#845}) on port 6155
Only local connections are allowed.
Please see https://chromedriver.chromium.org/security-considerations for suggestions on keeping ChromeDriver safe.
ChromeDriver was started successfully.
[1635133394.185][WARNING]: This version of ChromeDriver has not been tested with Chrome version 95.
Oct 25, 2021 9:13:14 AM org.openqa.selenium.remote.ProtocolHandshake createSession
INFO: Detected dialect: W3C
]]></system-err>
  </testcase>
  <testcase name="testOne" classname="Demo.ToTestLoginPage" time="7.335">
    <system-out><![CDATA[QTRecognition
]]></system-out>
  </testcase>
  <testcase name="testTwo" classname="Demo.ToDisplayTest" time="9.534">
    <system-out><![CDATA[chrome
QTRecognition
Harshini M Iyli
true
]]></system-out>
    <system-err><![CDATA[Starting ChromeDriver 94.0.4606.41 (333e85df3c9b656b518b5f1add5ff246365b6c24-refs/branch-heads/4606@{#845}) on port 43014
Only local connections are allowed.
Please see https://chromedriver.chromium.org/security-considerations for suggestions on keeping ChromeDriver safe.
ChromeDriver was started successfully.
[1635133411.622][WARNING]: This version of ChromeDriver has not been tested with Chrome version 95.
Oct 25, 2021 9:13:31 AM org.openqa.selenium.remote.ProtocolHandshake createSession
INFO: Detected dialect: W3C
]]></system-err>
  </testcase>
  <testcase name="tFour" classname="Demo.toSearchKudosTest" time="27.68">
    <system-out><![CDATA[chrome
true
Harshini Iyli
has sent an appreciation to
true case
]]></system-out>
    <system-err><![CDATA[Starting ChromeDriver 94.0.4606.41 (333e85df3c9b656b518b5f1add5ff246365b6c24-refs/branch-heads/4606@{#845}) on port 23017
Only local connections are allowed.
Please see https://chromedriver.chromium.org/security-considerations for suggestions on keeping ChromeDriver safe.
ChromeDriver was started successfully.
[1635133421.535][WARNING]: This version of ChromeDriver has not been tested with Chrome version 95.
Oct 25, 2021 9:13:41 AM org.openqa.selenium.remote.ProtocolHandshake createSession
INFO: Detected dialect: W3C
]]></system-err>
  </testcase>
  <testcase name="testAThree" classname="Demo.toSendKudos" time="44.05">
    <system-out><![CDATA[chrome
"Exceptional Work"
"Excellent Team Work"
"Innovative Thinker"
"Good Client Relations"
"Quality Hero"
"Quick Learner"
quick learner selected
kudos sent
Sending email. Please wait .....
Mailer Error: SMTP connect() failed.
]]></system-out>
    <system-err><![CDATA[Starting ChromeDriver 94.0.4606.41 (333e85df3c9b656b518b5f1add5ff246365b6c24-refs/branch-heads/4606@{#845}) on port 19474
Only local connections are allowed.
Please see https://chromedriver.chromium.org/security-considerations for suggestions on keeping ChromeDriver safe.
ChromeDriver was started successfully.
[1635133451.656][WARNING]: This version of ChromeDriver has not been tested with Chrome version 95.
Oct 25, 2021 9:14:11 AM org.openqa.selenium.remote.ProtocolHandshake createSession
INFO: Detected dialect: W3C
]]></system-err>
  </testcase>
  <testcase name="testBMultiplekudos" classname="Demo.toSendKudos" time="32.431">
    <system-out><![CDATA["Exceptional Work"
exceptional work selected
"Excellent Team Work"
"Innovative Thinker"
"Good Client Relations"
"Quality Hero"
"Quick Learner"
quick learner selected
kudos sent
Sending email. Please wait .....
Mailer Error: SMTP connect() failed.
This test is wrong it selects multiple kudos
]]></system-out>
  </testcase>
  <testcase name="testCEmptyComents" classname="Demo.toSendKudos" time="33.268">
    <system-out><![CDATA["Exceptional Work"
"Excellent Team Work"
"Innovative Thinker"
"Good Client Relations"
"Quality Hero"
"Quick Learner"
quick learner selected
Please enter any comment.
Please enter any comment.
This test is working, please add comments
]]></system-out>
  </testcase>
  <testcase name="TSix" classname="Demo.OtherActivity" time="1.415">
    <system-out><![CDATA[chrome
true
Harshini Iyli
has sent an appreciation to
has sent - true
]]></system-out>
    <system-err><![CDATA[Starting ChromeDriver 94.0.4606.41 (333e85df3c9b656b518b5f1add5ff246365b6c24-refs/branch-heads/4606@{#845}) on port 25121
Only local connections are allowed.
Please see https://chromedriver.chromium.org/security-considerations for suggestions on keeping ChromeDriver safe.
ChromeDriver was started successfully.
[1635133563.207][WARNING]: This version of ChromeDriver has not been tested with Chrome version 95.
Oct 25, 2021 9:16:03 AM org.openqa.selenium.remote.ProtocolHandshake createSession
INFO: Detected dialect: W3C
]]></system-err>
  </testcase>
  <testcase name="tSixofFour" classname="Demo.OtherActivity" time="0.123">
    <system-out><![CDATA[17
]]></system-out>
  </testcase>
  <testcase name="tSixofThree" classname="Demo.OtherActivity" time="1.746">
    <system-out><![CDATA[activity clicked
Recent Activities
true
]]></system-out>
  </testcase>
  <testcase name="tSixofTwo" classname="Demo.OtherActivity" time="0.967">
    <system-out><![CDATA[Harshini Iyli
received an appreciation from
true-  has received
]]></system-out>
  </testcase>
  <testcase name="testCSelfkudos" classname="Demo.OtherActivity" time="20.182">
    <system-out><![CDATA[17
"Exceptional Work"
exceptional work selected
kudos sent
Sending email. Please wait .....
Mailer Error: SMTP connect() failed.
Harshini Iyli is for cheking name
Harshini Iyli
This test is wrong send kudos to oneself
18 updated count
]]></system-out>
  </testcase>
  <testcase name="tFive" classname="Demo.recentKudosTest" time="0.771">
    <system-out><![CDATA[chrome
clicked



"Good Client Relations"
"Quality Hero"
"Quick Learner"
Quick Learner
kudos sent
]]></system-out>
    <system-err><![CDATA[Starting ChromeDriver 94.0.4606.41 (333e85df3c9b656b518b5f1add5ff246365b6c24-refs/branch-heads/4606@{#845}) on port 16976
Only local connections are allowed.
Please see https://chromedriver.chromium.org/security-considerations for suggestions on keeping ChromeDriver safe.
ChromeDriver was started successfully.
[1635133597.913][WARNING]: This version of ChromeDriver has not been tested with Chrome version 95.
Oct 25, 2021 9:16:37 AM org.openqa.selenium.remote.ProtocolHandshake createSession
INFO: Detected dialect: W3C
]]></system-err>
  </testcase>
</testsuite>